-------------------------------------------------------------------------------
Test set: mobile_automation.MobileTest
-------------------------------------------------------------------------------
Tests run: 1, Failures: 1, Errors: 0, Skipped: 0, Time elapsed: 0.819 s <<< FAILURE! - in mobile_automation.MobileTest
firstTest(mobile_automation.MobileTest)  Time elapsed: 0.033 s  <<< FAILURE!
java.lang.NullPointerException: Cannot invoke "io.appium.java_client.android.AndroidDriver.findElement(org.openqa.selenium.By)" because "this.driver" is null
	at mobile_automation.MobileTest.firstTest(MobileTest.java:30)

